<?xml version="1.0" encoding="UTF-8"?>
<!-- Generated by org.testng.reporters.JUnitReportReporter -->
<testsuite hostname="BRICAWL-92HVVY1" name="com.wikia.testng.maven.test.qmhomework.SigninTest" tests="1" failures="0" timestamp="7 Jun 2015 07:33:57 GMT" time="102.297" errors="0">
  <testcase name="loginLogout" time="102.297" classname="com.wikia.testng.maven.test.qmhomework.SigninTest"/>
</testsuite> <!-- com.wikia.testng.maven.test.qmhomework.SigninTest -->
