<?xml version="1.0" encoding="UTF-8"?>
<!-- Generated by org.testng.reporters.JUnitReportReporter -->
<testsuite hostname="BRICAWL-92HVVY1" name="com.wikia.testng.maven.test.qmhomework.Login" tests="1" failures="0" timestamp="5 Jun 2015 01:13:33 GMT" time="0.070" errors="0">
  <testcase name="exampleOfTestNgMaven" time="0.070" classname="com.wikia.testng.maven.test.qmhomework.Login"/>
</testsuite> <!-- com.wikia.testng.maven.test.qmhomework.Login -->
